--------------------------------------------------------------------------------
Release 14.6 Trace  (nt64)
Copyright (c) 1995-2013 Xilinx, Inc.  All rights reserved.

C:\Xilinx\14.6\ISE_DS\ISE\bin\nt64\unwrapped\trce.exe -intstyle ise -v 3 -s 5
-n 3 -fastpaths -xml trivium_cipher.twx trivium_cipher.ncd -o
trivium_cipher.twr trivium_cipher.pcf -ucf trivium.ucf

Design file:              trivium_cipher.ncd
Physical constraint file: trivium_cipher.pcf
Device,package,speed:     xc3s500e,fg320,-5 (PRODUCTION 1.27 2013-06-08)
Report level:             verbose report

Environment Variable      Effect 
--------------------      ------ 
NONE                      No environment variables were set
--------------------------------------------------------------------------------

INFO:Timing:2698 - No timing constraints found, doing default enumeration.
INFO:Timing:3412 - To improve timing, see the Timing Closure User Guide (UG612).
INFO:Timing:2752 - To get complete path coverage, use the unconstrained paths 
   option. All paths that are not constrained will be reported in the 
   unconstrained paths section(s) of the report.
INFO:Timing:3339 - The clock-to-out numbers in this timing report are based on 
   a 50 Ohm transmission line loading model.  For the details of this model, 
   and for more information on accounting for different loading conditions, 
   please see the device datasheet.
INFO:Timing:3390 - This architecture does not support a default System Jitter 
   value, please add SYSTEM_JITTER constraint to the UCF to modify the Clock 
   Uncertainty calculation.
INFO:Timing:3389 - This architecture does not support 'Discrete Jitter' and 
   'Phase Error' calculations, these terms will be zero in the Clock 
   Uncertainty calculation.  Please make appropriate modification to 
   SYSTEM_JITTER to account for the unsupported Discrete Jitter and Phase 
   Error.



Data Sheet report:
-----------------
All values displayed in nanoseconds (ns)

Setup/Hold to clock clk
------------+------------+------------+------------------+--------+
            |Max Setup to|Max Hold to |                  | Clock  |
Source      | clk (edge) | clk (edge) |Internal Clock(s) | Phase  |
------------+------------+------------+------------------+--------+
rst         |    5.148(R)|   -0.032(R)|clk_BUFGP         |   0.000|
------------+------------+------------+------------------+--------+

Clock clk to Pad
------------+------------+------------------+--------+
            | clk (edge) |                  | Clock  |
Destination |   to PAD   |Internal Clock(s) | Phase  |
------------+------------+------------------+--------+
an<0>       |    7.610(R)|clk_BUFGP         |   0.000|
an<1>       |    7.755(R)|clk_BUFGP         |   0.000|
an<2>       |    7.478(R)|clk_BUFGP         |   0.000|
an<3>       |    7.920(R)|clk_BUFGP         |   0.000|
seg<0>      |    8.125(R)|clk_BUFGP         |   0.000|
seg<1>      |    7.279(R)|clk_BUFGP         |   0.000|
seg<2>      |    7.556(R)|clk_BUFGP         |   0.000|
seg<3>      |    7.870(R)|clk_BUFGP         |   0.000|
seg<4>      |    7.332(R)|clk_BUFGP         |   0.000|
seg<5>      |    7.874(R)|clk_BUFGP         |   0.000|
seg<6>      |    7.213(R)|clk_BUFGP         |   0.000|
------------+------------+------------------+--------+

Clock to Setup on destination clock clk
---------------+---------+---------+---------+---------+
               | Src:Rise| Src:Fall| Src:Rise| Src:Fall|
Source Clock   |Dest:Rise|Dest:Rise|Dest:Fall|Dest:Fall|
---------------+---------+---------+---------+---------+
clk            |    5.752|         |         |         |
---------------+---------+---------+---------+---------+


Analysis completed Tue Dec 03 13:05:37 2013 
--------------------------------------------------------------------------------

Trace Settings:
-------------------------
Trace Settings 

Peak Memory Usage: 191 MB



